{
  "RSpec": {
    "coverage": {
      "/home/julian/Escritorio/wakeUp/app/app.rb": [
        1,
        1,
        1,
        1,
        1,
        1,
        null,
        1,
        null,
        1,
        null,
        null,
        null,
        null,
        null,
        null,
        null,
        null,
        null,
        null,
        null,
        null,
        null,
        null,
        null,
        null,
        null,
        null,
        null,
        1,
        null,
        null,
        null,
        null,
        null,
        null,
        null,
        null,
        null,
        null,
        null,
        null,
        null,
        null,
        null,
        null,
        null,
        null,
        null,
        null,
        null,
        null,
        null,
        null,
        null,
        null,
        null,
        null,
        null,
        null,
        null,
        null,
        null,
        null,
        null
      ],
      "/home/julian/Escritorio/wakeUp/app/models/equipo.rb": [
        1,
        1,
        null,
        1,
        1,
        1,
        1,
        1,
        1,
        null,
        1,
        1,
        1,
        null,
        1,
        0,
        null,
        null,
        1,
        0,
        null,
        null
      ],
      "/home/julian/Escritorio/wakeUp/app/models/partido.rb": [
        1,
        1,
        null,
        1,
        1,
        1,
        1,
        1,
        null,
        null,
        1,
        0,
        null,
        null,
        1,
        3,
        null,
        null,
        1,
        1,
        0,
        null,
        1,
        0,
        null,
        1,
        1,
        null,
        null,
        null,
        null,
        1,
        5,
        2,
        null,
        3,
        1,
        null,
        2,
        2,
        null,
        null,
        null,
        null,
        1,
        5,
        4,
        4,
        null,
        1,
        1,
        null,
        1,
        1,
        null,
        null,
        null
      ],
      "/home/julian/Escritorio/wakeUp/app/models/torneo.rb": [
        1,
        1,
        null,
        1,
        1,
        1,
        1,
        1,
        1,
        1,
        null,
        1,
        1,
        1,
        null,
        1,
        1,
        1,
        3,
        null,
        null,
        null,
        1,
        3,
        3,
        3,
        3,
        3,
        3,
        3,
        3,
        3,
        null,
        null,
        null
      ]
    },
    "timestamp": 1449591995
  },
  "Cucumber Features": {
    "coverage": {
      "/home/julian/Escritorio/wakeUp/app/controllers/equipo.rb": [
        1,
        null,
        null,
        null,
        null,
        null,
        null,
        null,
        1,
        7,
        7,
        7,
        7,
        null,
        null,
        1,
        3,
        3,
        0,
        0,
        null,
        3,
        3,
        null,
        null,
        null,
        1,
        3,
        3,
        3,
        null,
        null,
        1,
        2,
        2,
        2,
        2,
        2,
        2,
        7,
        1,
        null,
        null,
        null,
        2,
        1,
        1,
        null,
        1,
        1,
        1,
        null,
        0,
        0,
        null,
        null,
        1,
        null,
        null,
        1,
        3,
        3,
        3,
        3,
        3,
        3,
        null,
        0,
        0,
        null,
        null,
        null,
        1,
        0,
        0,
        null,
        0,
        0,
        null,
        0,
        null,
        null,
        0,
        null,
        null,
        null,
        null
      ],
      "/home/julian/Escritorio/wakeUp/app/controllers/home.rb": [
        1,
        null,
        1,
        0,
        null,
        null,
        null
      ],
      "/home/julian/Escritorio/wakeUp/app/controllers/partido.rb": [
        1,
        null,
        null,
        1,
        6,
        6,
        6,
        null,
        null,
        1,
        10,
        10,
        10,
        10,
        null,
        null,
        1,
        6,
        6,
        6,
        6,
        6,
        6,
        6,
        6,
        6,
        null,
        0,
        null,
        null,
        null,
        null
      ],
      "/home/julian/Escritorio/wakeUp/app/controllers/posicion.rb": [
        1,
        null,
        1,
        1,
        3,
        1,
        null,
        null,
        null
      ],
      "/home/julian/Escritorio/wakeUp/app/controllers/torneo.rb": [
        1,
        null,
        null,
        1,
        5,
        5,
        null,
        null,
        1,
        4,
        4,
        null,
        null,
        1,
        1,
        1,
        null,
        null,
        1,
        0,
        0,
        0,
        0,
        0,
        null,
        0,
        null,
        0,
        null,
        null,
        1,
        5,
        5,
        5,
        5,
        1,
        1,
        null,
        null,
        null,
        5,
        1,
        1,
        null,
        4,
        4,
        4,
        1,
        1,
        null,
        null,
        null,
        null
      ]
    },
    "timestamp": 1449592010
  }
}
